<?xml version="1.0" encoding="UTF-8"?>
<!-- Generated by org.testng.reporters.JUnitXMLReporter -->
<testsuite ignored="4" hostname="RAJESH_RAJI" failures="0" tests="1" name="Default test" time="3.541" errors="0" timestamp="13 Sep 2022 10:17:54 GMT">
  <testcase classname="payTabsTask2.PayTabsTaskAPI" name="deleteUserlist" time="3.514"/>
  <testcase classname="payTabsTask2.PayTabsTaskAPI" name="getlistofemplyee" time="0.0">
    <ignored/>
  </testcase> <!-- getlistofemplyee -->
  <testcase classname="payTabsTask2.PayTabsTaskAPI" name="createNewemplyee" time="0.0">
    <ignored/>
  </testcase> <!-- createNewemplyee -->
  <testcase classname="payTabsTask2.PayTabsTaskAPI" name="updateExistinguser" time="0.0">
    <ignored/>
  </testcase> <!-- updateExistinguser -->
  <testcase classname="payTabsTask2.PayTabsTaskAPI" name="getSingleEmplyee" time="0.0">
    <ignored/>
  </testcase> <!-- getSingleEmplyee -->
</testsuite> <!-- Default test -->
