<?xml version="1.0" encoding="UTF-8"?>
<testng-results ignored="4" total="5" passed="1" failed="0" skipped="0">
  <reporter-output>
  </reporter-output>
  <suite started-at="2022-09-13T10:17:51Z" name="Default suite" finished-at="2022-09-13T10:17:54Z" duration-ms="3541">
    <groups>
    </groups>
    <test started-at="2022-09-13T10:17:51Z" name="Default test" finished-at="2022-09-13T10:17:54Z" duration-ms="3541">
      <class name="payTabsTask2.PayTabsTaskAPI">
        <test-method signature="deleteUserlist()[pri:0, instance:payTabsTask2.PayTabsTaskAPI@298a5e20]" started-at="2022-09-13T15:47:51Z" name="deleteUserlist" finished-at="2022-09-13T15:47:54Z" duration-ms="3514" status="PASS">
          <reporter-output>
          </reporter-output>
        </test-method> <!-- deleteUserlist -->
      </class> <!-- payTabsTask2.PayTabsTaskAPI -->
    </test> <!-- Default test -->
  </suite> <!-- Default suite -->
</testng-results>
